


ARM Macro Assembler    Page 1 


    1 00000000         ;各种基地址
    2 00000000 40023800 
                       RCC_BASE
                               EQU              0x40023800
    3 00000000 40020000 
                       GPIOA_BASE
                               EQU              0x40020000
    4 00000000 40000000 
                       TIM2_BASE
                               EQU              0x40000000
    5 00000000 E000E100 
                       NVIC_BASE
                               EQU              0xE000E100
    6 00000000         
    7 00000000         ;使用GPIOA_Pin_5
    8 00000000         ;不能使用GPIOB_Pin_13是由于该口仅在使用F302
                       板子的时候关闭（导通）
    9 00000000         ;RCC_AHB1ENR寄存器配置，使能GPIOA端口
   10 00000000 00000030 
                       RCC_AHB1ENR_OFFSET
                               EQU              0x30
   11 00000000 40023830 
                       RCC_AHB1_ENR
                               EQU              RCC_AHB1ENR_OFFSET+RCC_BASE
   12 00000000 00000001 
                       RCC_AHB1_GPIOA_ENR
                               EQU              1<<0
   13 00000000         ;GPIOx_MODER寄存器配置,将端口A设置为通用输
                       出模式
   14 00000000 00000000 
                       GPIOA_MODER_OFFSET
                               EQU              0x00
   15 00000000 40020000 
                       GPIOA_MODER
                               EQU              GPIOA_BASE+GPIOA_MODER_OFFSET
   16 00000000 00000400 
                       GPIOA_PIN_OUTPUT
                               EQU              1<<10
   17 00000000         ;GPIOx_OTYPER寄存器配置，将端口A的输出类型
                       改为推挽输出模式
   18 00000000 00000004 
                       GPIOA_OTYPER_OFFSET
                               EQU              0x04
   19 00000000 40020004 
                       GPIOA_OTYPER
                               EQU              GPIOA_BASE+GPIOA_OTYPER_OFFSET
   20 00000000 FFFFFFDF 
                       GPIOA_MODE
                               EQU              ~(1<<5)
   21 00000000         ;GPIOx_OSPEEDR寄存器配置，将端口A的输出速
                       改为高速模式
   22 00000000 00000008 
                       GPIOA_OSPEEDR_OFFSET
                               EQU              0x08
   23 00000000 40020008 
                       GPIOA_OSPEEDR
                               EQU              GPIOA_BASE+GPIOA_OSPEEDR_OFFSET
   24 00000000 00000800 
                       GPIOA_HIGH



ARM Macro Assembler    Page 2 


                               EQU              1<<11
   25 00000000         ;GPIOx_ODR寄存器设置，修改端口的输出电平 
                       
   26 00000000 00000014 
                       GPIOA_ODR_OFFSET
                               EQU              0x14
   27 00000000 40020014 
                       GPIOA_ODR
                               EQU              GPIOA_BASE+GPIOA_ODR_OFFSET
   28 00000000 00000020 
                       LED_ON  EQU              1<<5
   29 00000000 FFFFFFDF 
                       LED_OFF EQU              ~(1<<5)
   30 00000000         
   31 00000000         ;配置TIM2时钟
   32 00000000         ;外设时钟TIM2使能(TIM2是挂载在APB1外设总线
                       上的
   33 00000000 00000040 
                       RCC_APB1_OFFSET
                               EQU              0x40
   34 00000000 40023840 
                       RCC_APB1
                               EQU              RCC_BASE+RCC_APB1_OFFSET
   35 00000000 00000001 
                       RCC_TIM2_ENR
                               EQU              1<<0        ;TIM2外设时钟
                                                            能
   36 00000000         ;配置时基单元(时基单元是在外设时钟内部
                       的，输入的时钟频率为APB1总线的时钟频率)
                       
   37 00000000         ;配置分频器
   38 00000000 00000028 
                       TIM2_PSC_OFFSET
                               EQU              0x28
   39 00000000 40000028 
                       TIM2_PSC
                               EQU              TIM2_BASE+TIM2_PSC_OFFSET
   40 00000000 000020CF 
                       TIM2_PSC_CONFIG
                               EQU              8400-1
   41 00000000         ;配置自动装载值
   42 00000000 0000002C 
                       TIM2_ARR_OFFSET
                               EQU              0x2C
   43 00000000 4000002C 
                       TIM2_ARR
                               EQU              TIM2_ARR_OFFSET+TIM2_BASE
   44 00000000 0000270F 
                       TIM2_ARR_CONFIG
                               EQU              10000-1
   45 00000000         ;配置计数器 
   46 00000000 00000024 
                       TIM2_CNT_OFFSET
                               EQU              0x24
   47 00000000 40000024 
                       TIM2_CNT
                               EQU              TIM2_BASE+TIM2_CNT_OFFSET
   48 00000000 00000000 
                       TIM2_CNT_CONFIG



ARM Macro Assembler    Page 3 


                               EQU              0
   49 00000000         ;配置APB1总线的分频系数
   50 00000000 00000008 
                       RCC_CFGR_OFFSET
                               EQU              0x08
   51 00000000 40023808 
                       RCC_CFGR
                               EQU              RCC_BASE+RCC_CFGR_OFFSET
   52 00000000 00001000 
                       RCC_CFGR_CNF
                               EQU              1<<12
   53 00000000         ;配置时钟控制寄存器，选择计数模式并且
                       能时钟计数器开始计时
   54 00000000 00000000 
                       TIM2_CR1_OFFSET
                               EQU              0x00
   55 00000000 40000000 
                       TIM2_CR1
                               EQU              TIM2_CR1_OFFSET+TIM2_BASE
   56 00000000 FFFFFFEF 
                       TIM2_CR1_UPCONT
                               EQU              ~(1<<4)     ;向上计数模式
                                                            
   57 00000000 00000001 
                       TIM2_CR1_CEN
                               EQU              1<<0        ;计数器使能
   58 00000000         
   59 00000000         ;修改PLL_M的分频
   60 00000000         ;RCC_CR用于使能/失能PLL
   61 00000000 00000003 
                       SYS_CLK_HSI
                               EQU              0x03
   62 00000000 00000000 
                       RCC_CR_OFFSET
                               EQU              0x00
   63 00000000 40023800 
                       RCC_CR  EQU              RCC_BASE+RCC_CR_OFFSET
   64 00000000 01000000 
                       PLL_DISABLE
                               EQU              1<<24
   65 00000000 00000008 
                       PLL_M_DIV8
                               EQU              0x8
   66 00000000 00000002 
                       SYS_CLK_PLL
                               EQU              1<<1
   67 00000000 01000000 
                       PLL_ENABLE
                               EQU              1<<24
   68 00000000         ;RCC_PLLCFGR用于配置PLL的参数
   69 00000000 00000004 
                       RCC_PLLCFGR_OFFSET
                               EQU              0x04
   70 00000000 40023804 
                       RCC_PLLCFGR
                               EQU              RCC_BASE+RCC_PLLCFGR_OFFSET
   71 00000000         
   72 00000000         ;时钟的更新中断使能
   73 00000000 0000000C 



ARM Macro Assembler    Page 4 


                       TIM2_DIER_OFFSET
                               EQU              0x0C
   74 00000000 4000000C 
                       TIM2_DIER
                               EQU              TIM2_BASE+TIM2_DIER_OFFSET
   75 00000000 00000001 
                       TIM2_UI_EN
                               EQU              1<<0
   76 00000000         ;更新中断标志清除（发生一次计数器更新
                       TIM2的状态寄存器的更新中断位会被置为1
                       
   77 00000000 00000010 
                       TIM2_SR_OFFSET
                               EQU              0x10
   78 00000000 40000010 
                       TIM2_SR EQU              TIM2_BASE+TIM2_SR_OFFSET
   79 00000000 FFFFFFFE 
                       TIM2_SR_UIF_CLEAR
                               EQU              ~(1<<0)
   80 00000000 00000001 
                       TIM2_UIF_FLAG
                               EQU              0x01
   81 00000000         ;使能NVIC通道
   82 00000000 00000000 
                       NVIC_ISER0_OFFSET
                               EQU              0           ;手册上的OFFSTE
                                                            很怪
   83 00000000 E000E100 
                       NVIC_ISER0
                               EQU              NVIC_BASE+NVIC_ISER0_OFFSET
   84 00000000 10000000 
                       NVIC_TIM2_EN
                               EQU              1<<28
   85 00000000         
   86 00000000         
   87 00000000 40020018 
                       GPIOA_BSRR
                               EQU              GPIOA_BASE+0x18
   88 00000000         
   89 00000000         
   90 00000000         
   91 00000000                 AREA             |.test|,CODE,READONLY,ALIGN=2
   92 00000000                 THUMB
   93 00000000                 ENTRY
   94 00000000                 EXPORT           __main
   95 00000000         __main
   96 00000000 F7FF FFFE       BL               GPIOA_Init
   97 00000004         
   98 00000004 F7FF FFFE       BL               TIM2_Init
   99 00000008         
  100 00000008         loop
  101 00000008 E7FE            B                loop
  102 0000000A         
  103 0000000A         ;GPIOA的初始化
  104 0000000A         GPIOA_Init
                               PROC
  105 0000000A B503            PUSH{R0,R1,LR}
  106 0000000C         ;使能GPIOA端口
  107 0000000C 4842            LDR              R0,=RCC_AHB1_ENR



ARM Macro Assembler    Page 5 


  108 0000000E 6801            LDR              R1,[R0]
  109 00000010 F041 0101       ORR              R1,#RCC_AHB1_GPIOA_ENR
  110 00000014 6001            STR              R1,[R0]
  111 00000016         ;将端口模式修改为通用输出模式
  112 00000016 4841            LDR              R0,=GPIOA_MODER
  113 00000018 6801            LDR              R1,[R0]
  114 0000001A F441 6180       ORR              R1,#GPIOA_PIN_OUTPUT
  115 0000001E 6001            STR              R1,[R0]
  116 00000020         ;将端口的输出类型修改为推挽输出
  117 00000020 483F            LDR              R0,=GPIOA_OTYPER
  118 00000022 6801            LDR              R1,[R0]
  119 00000024 F021 0120       AND              R1,#GPIOA_MODE
  120 00000028 6001            STR              R1,[R0]
  121 0000002A         ;将端口的输出速度设置为高速
  122 0000002A 483E            LDR              R0,=GPIOA_OSPEEDR
  123 0000002C 6801            LDR              R1,[R0]
  124 0000002E F441 6100       ORR              R1,#GPIOA_HIGH
  125 00000032 6001            STR              R1,[R0]
  126 00000034         
  127 00000034 BD03            POP{R0,R1,PC}
  128 00000036         
  129 00000036                 ENDP
  130 00000036         ;中断函数
  131 00000036         TIM2_IRQHandler
                               PROC
  132 00000036                 EXPORT           TIM2_IRQHandler
  133 00000036 B507            PUSH{R0,R1,R2,LR}
  134 00000038         
  135 00000038 483B            LDR              R0,=GPIOA_ODR
  136 0000003A         ;R1的值用于进行判断
  137 0000003A 6801            LDR              R1,[R0]
  138 0000003C         ;R2的值用于后续的存储
  139 0000003C 6802            LDR              R2,[R0]
  140 0000003E F001 0120       AND              R1,#LED_ON
  141 00000042 2920            CMP              R1,#LED_ON
  142 00000044         ;IT指令用于条件判断和分支选择
  143 00000044 BF0C            ITE              EQ
  144 00000046         ;相等的情况下
  145 00000046 F022 0220       ANDEQ            R2,#LED_OFF
  146 0000004A         ;不相等的情况下
  147 0000004A F042 0220       ORRNE            R2,#LED_ON
  148 0000004E 6002            STR              R2,[R0]
  149 00000050         
  150 00000050         ;将更新中断的标志位清零
  151 00000050 4836            LDR              R0,=TIM2_SR
  152 00000052 6801            LDR              R1,[R0]
  153 00000054 F021 0101       AND              R1,#TIM2_SR_UIF_CLEAR
  154 00000058 6001            STR              R1,[R0]
  155 0000005A         
  156 0000005A BD07            POP{R0,R1,R2,PC}
  157 0000005C                 ENDP
  158 0000005C         
  159 0000005C         ;用于实现不使用中断闪烁的延时效果
  160 0000005C         __wait  PROC
  161 0000005C B503            PUSH{R0,R1,LR}
  162 0000005E 4833            LDR              R0,=TIM2_SR
  163 00000060 6801    lp      LDR              R1,[R0]
  164 00000062 F001 0101       AND              R1,#TIM2_UIF_FLAG
  165 00000066 2900            CMP              R1,#0x00



ARM Macro Assembler    Page 6 


  166 00000068 D0FA            BEQ              lp
  167 0000006A         
  168 0000006A 4830            LDR              R0,=TIM2_SR
  169 0000006C 6801            LDR              R1,[R0]
  170 0000006E F021 0101       AND              R1,#TIM2_SR_UIF_CLEAR
  171 00000072 6001            STR              R1,[R0]
  172 00000074         
  173 00000074 BD03            POP{R0,R1,PC}
  174 00000076         
  175 00000076                 ENDP
  176 00000076         
  177 00000076         
  178 00000076         
  179 00000076         ;TIM2的初始化
  180 00000076         TIM2_Init
                               PROC
  181 00000076 B503            PUSH{R0,R1,LR}
  182 00000078         ;TIM2使能
  183 00000078 482D            LDR              R0,=RCC_APB1
  184 0000007A 6801            LDR              R1,[R0]
  185 0000007C F041 0101       ORR              R1,#RCC_TIM2_ENR
  186 00000080 6001            STR              R1,[R0]
  187 00000082         ;设置TIM2的分频器
  188 00000082 482C            LDR              R0,=TIM2_PSC
  189 00000084 6801            LDR              R1,[R0]
  190 00000086 F242 01CF       MOVW             R1,#TIM2_PSC_CONFIG 
                                                            ;设置为8400-1
  191 0000008A 6001            STR              R1,[R0]
  192 0000008C         ;设置TIM2的计数器
  193 0000008C 482A            LDR              R0,=TIM2_ARR
  194 0000008E 6801            LDR              R1,[R0]
  195 00000090 F242 710F       MOVW             R1,#TIM2_ARR_CONFIG 
                                                            ;设置为10000-1
  196 00000094 6001            STR              R1,[R0]
  197 00000096         ;清空TIM2计数器的值
  198 00000096 4829            LDR              R0,=TIM2_CNT
  199 00000098 6801            LDR              R1,[R0]
  200 0000009A F240 0100       MOVW             R1,#TIM2_CNT_CONFIG
  201 0000009E 6001            STR              R1,[R0]
  202 000000A0         ;设置APB1的预分频系数为2（实际上在启动
                       件中已经设置了）
  203 000000A0 4827            LDR              R0,=RCC_CFGR
  204 000000A2 6801            LDR              R1,[R0]
  205 000000A4 F441 5180       ORR              R1,#RCC_CFGR_CNF
  206 000000A8 6001            STR              R1,[R0]
  207 000000AA         
  208 000000AA F7FF FFFE       BL               PLL_CNF     ;重新配置PLL
  209 000000AE         
  210 000000AE         ;设置计数器的计数模式，并且启动计数器
  211 000000AE F04F 4080       LDR              R0,=TIM2_CR1
  212 000000B2 6801            LDR              R1,[R0]
  213 000000B4 F021 0110       AND              R1,#TIM2_CR1_UPCONT ;默认是
                                                            上计数
  214 000000B8 F041 0101       ORR              R1,#TIM2_CR1_CEN
  215 000000BC 6001            STR              R1,[R0]
  216 000000BE         
  217 000000BE F7FF FFFE       BL               IT_CNF
  218 000000C2         
  219 000000C2 BD03            POP{R0,R1,PC}



ARM Macro Assembler    Page 7 


  220 000000C4                 ENDP
  221 000000C4         
  222 000000C4         ;中断配置
  223 000000C4         IT_CNF  PROC
  224 000000C4 B503            PUSH{R0,R1,LR}
  225 000000C6         ;更新中断使能
  226 000000C6 481F            LDR              R0,=TIM2_DIER
  227 000000C8 6801            LDR              R1,[R0]
  228 000000CA F041 0101       ORR              R1,#TIM2_UI_EN
  229 000000CE 6001            STR              R1,[R0]
  230 000000D0         ;还能NVIC的通道（这里简化了许多，没有设
                       置中断优先级等）
  231 000000D0 481D            LDR              R0,=NVIC_ISER0
  232 000000D2 6801            LDR              R1,[R0]
  233 000000D4 F041 5180       ORR              R1,#NVIC_TIM2_EN
  234 000000D8 6001            STR              R1,[R0]
  235 000000DA         
  236 000000DA BD03            POP{R0,R1,PC}
  237 000000DC                 ENDP
  238 000000DC         
  239 000000DC         ;修改PLL详见子为博客
  240 000000DC         PLL_CNF PROC
  241 000000DC B503            PUSH{R0,R1,LR}
  242 000000DE         ;更换系统时钟源为内部时钟
  243 000000DE 4818            LDR              R0,=RCC_CFGR
  244 000000E0 6801            LDR              R1,[R0]
  245 000000E2 F021 0103       BIC              R1,R1,#SYS_CLK_HSI
  246 000000E6 6001            STR              R1,[R0]
  247 000000E8         ;关闭PLL
  248 000000E8 4818            LDR              R0,=RCC_CR
  249 000000EA 6801            LDR              R1,[R0]
  250 000000EC F021 7180       BIC              R1,R1,#PLL_DISABLE
  251 000000F0 6001            STR              R1,[R0]
  252 000000F2         ;将PLL_M的分频修改为8
  253 000000F2 4817            LDR              R0,=RCC_PLLCFGR
  254 000000F4 6801            LDR              R1,[R0]
  255 000000F6 F021 013F       BIC              R1,R1,#0x3F
  256 000000FA F041 0108       ORR              R1,#PLL_M_DIV8
  257 000000FE 6001            STR              R1,[R0]
  258 00000100         ;将PLL选为系统时钟
  259 00000100 480F            LDR              R0,=RCC_CFGR
  260 00000102 6801            LDR              R1,[R0]
  261 00000104 F041 0102       ORR              R1,#SYS_CLK_PLL
  262 00000108 6001            STR              R1,[R0]
  263 0000010A         ;使能PLL
  264 0000010A 4810            LDR              R0,=RCC_CR
  265 0000010C 6801            LDR              R1,[R0]
  266 0000010E F041 7180       ORR              R1,#PLL_ENABLE
  267 00000112 6001            STR              R1,[R0]
  268 00000114         
  269 00000114 BD03            POP{R0,R1,PC}
  270 00000116                 ENDP
  271 00000116         
  272 00000116                 END
              00 00 40023830 
              40020000 
              40020004 
              40020008 
              40020014 



ARM Macro Assembler    Page 8 


              40000010 
              40023840 
              40000028 
              4000002C 
              40000024 
              40023808 
              4000000C 
              E000E100 
              40023800 
              40023804 
Command Line: --debug --xref --diag_suppress=9931 --cpu=Cortex-M4.fp --apcs=int
erwork --depend=.\objects\__main.d -o.\objects\__main.o -I.\RTE\_STM32F401 -ID:
\Keil5\ARM\PACK\ARM\CMSIS\5.9.0\CMSIS\Core\Include -ID:\Keil5\ARM\PACK\Keil\STM
32F4xx_DFP\2.17.1\Drivers\CMSIS\Device\ST\STM32F4xx\Include --predefine="__UVIS
ION_VERSION SETA 524" --predefine="_RTE_ SETA 1" --predefine="STM32F401xE SETA 
1" --list=.\listings\__main.lst __main.s



ARM Macro Assembler    Page 1 Alphabetic symbol ordering
Relocatable symbols

.test 00000000

Symbol: .test
   Definitions
      At line 91 in file __main.s
   Uses
      None
Comment: .test unused
GPIOA_Init 0000000A

Symbol: GPIOA_Init
   Definitions
      At line 104 in file __main.s
   Uses
      At line 96 in file __main.s
Comment: GPIOA_Init used once
IT_CNF 000000C4

Symbol: IT_CNF
   Definitions
      At line 223 in file __main.s
   Uses
      At line 217 in file __main.s
Comment: IT_CNF used once
PLL_CNF 000000DC

Symbol: PLL_CNF
   Definitions
      At line 240 in file __main.s
   Uses
      At line 208 in file __main.s
Comment: PLL_CNF used once
TIM2_IRQHandler 00000036

Symbol: TIM2_IRQHandler
   Definitions
      At line 131 in file __main.s
   Uses
      At line 132 in file __main.s
Comment: TIM2_IRQHandler used once
TIM2_Init 00000076

Symbol: TIM2_Init
   Definitions
      At line 180 in file __main.s
   Uses
      At line 98 in file __main.s
Comment: TIM2_Init used once
__main 00000000

Symbol: __main
   Definitions
      At line 95 in file __main.s
   Uses
      At line 94 in file __main.s
Comment: __main used once
__wait 0000005C

Symbol: __wait



ARM Macro Assembler    Page 2 Alphabetic symbol ordering
Relocatable symbols

   Definitions
      At line 160 in file __main.s
   Uses
      None
Comment: __wait unused
loop 00000008

Symbol: loop
   Definitions
      At line 100 in file __main.s
   Uses
      At line 101 in file __main.s
Comment: loop used once
lp 00000060

Symbol: lp
   Definitions
      At line 163 in file __main.s
   Uses
      At line 166 in file __main.s
Comment: lp used once
10 symbols



ARM Macro Assembler    Page 1 Alphabetic symbol ordering
Absolute symbols

GPIOA_BASE 40020000

Symbol: GPIOA_BASE
   Definitions
      At line 3 in file __main.s
   Uses
      At line 15 in file __main.s
      At line 19 in file __main.s
      At line 23 in file __main.s
      At line 27 in file __main.s
      At line 87 in file __main.s

GPIOA_BSRR 40020018

Symbol: GPIOA_BSRR
   Definitions
      At line 87 in file __main.s
   Uses
      None
Comment: GPIOA_BSRR unused
GPIOA_HIGH 00000800

Symbol: GPIOA_HIGH
   Definitions
      At line 24 in file __main.s
   Uses
      At line 124 in file __main.s
Comment: GPIOA_HIGH used once
GPIOA_MODE FFFFFFDF

Symbol: GPIOA_MODE
   Definitions
      At line 20 in file __main.s
   Uses
      At line 119 in file __main.s
Comment: GPIOA_MODE used once
GPIOA_MODER 40020000

Symbol: GPIOA_MODER
   Definitions
      At line 15 in file __main.s
   Uses
      At line 112 in file __main.s
Comment: GPIOA_MODER used once
GPIOA_MODER_OFFSET 00000000

Symbol: GPIOA_MODER_OFFSET
   Definitions
      At line 14 in file __main.s
   Uses
      At line 15 in file __main.s
Comment: GPIOA_MODER_OFFSET used once
GPIOA_ODR 40020014

Symbol: GPIOA_ODR
   Definitions
      At line 27 in file __main.s
   Uses
      At line 135 in file __main.s



ARM Macro Assembler    Page 2 Alphabetic symbol ordering
Absolute symbols

Comment: GPIOA_ODR used once
GPIOA_ODR_OFFSET 00000014

Symbol: GPIOA_ODR_OFFSET
   Definitions
      At line 26 in file __main.s
   Uses
      At line 27 in file __main.s
Comment: GPIOA_ODR_OFFSET used once
GPIOA_OSPEEDR 40020008

Symbol: GPIOA_OSPEEDR
   Definitions
      At line 23 in file __main.s
   Uses
      At line 122 in file __main.s
Comment: GPIOA_OSPEEDR used once
GPIOA_OSPEEDR_OFFSET 00000008

Symbol: GPIOA_OSPEEDR_OFFSET
   Definitions
      At line 22 in file __main.s
   Uses
      At line 23 in file __main.s
Comment: GPIOA_OSPEEDR_OFFSET used once
GPIOA_OTYPER 40020004

Symbol: GPIOA_OTYPER
   Definitions
      At line 19 in file __main.s
   Uses
      At line 117 in file __main.s
Comment: GPIOA_OTYPER used once
GPIOA_OTYPER_OFFSET 00000004

Symbol: GPIOA_OTYPER_OFFSET
   Definitions
      At line 18 in file __main.s
   Uses
      At line 19 in file __main.s
Comment: GPIOA_OTYPER_OFFSET used once
GPIOA_PIN_OUTPUT 00000400

Symbol: GPIOA_PIN_OUTPUT
   Definitions
      At line 16 in file __main.s
   Uses
      At line 114 in file __main.s
Comment: GPIOA_PIN_OUTPUT used once
LED_OFF FFFFFFDF

Symbol: LED_OFF
   Definitions
      At line 29 in file __main.s
   Uses
      At line 145 in file __main.s
Comment: LED_OFF used once
LED_ON 00000020




ARM Macro Assembler    Page 3 Alphabetic symbol ordering
Absolute symbols

Symbol: LED_ON
   Definitions
      At line 28 in file __main.s
   Uses
      At line 140 in file __main.s
      At line 141 in file __main.s
      At line 147 in file __main.s

NVIC_BASE E000E100

Symbol: NVIC_BASE
   Definitions
      At line 5 in file __main.s
   Uses
      At line 83 in file __main.s
Comment: NVIC_BASE used once
NVIC_ISER0 E000E100

Symbol: NVIC_ISER0
   Definitions
      At line 83 in file __main.s
   Uses
      At line 231 in file __main.s
Comment: NVIC_ISER0 used once
NVIC_ISER0_OFFSET 00000000

Symbol: NVIC_ISER0_OFFSET
   Definitions
      At line 82 in file __main.s
   Uses
      At line 83 in file __main.s
Comment: NVIC_ISER0_OFFSET used once
NVIC_TIM2_EN 10000000

Symbol: NVIC_TIM2_EN
   Definitions
      At line 84 in file __main.s
   Uses
      At line 233 in file __main.s
Comment: NVIC_TIM2_EN used once
PLL_DISABLE 01000000

Symbol: PLL_DISABLE
   Definitions
      At line 64 in file __main.s
   Uses
      At line 250 in file __main.s
Comment: PLL_DISABLE used once
PLL_ENABLE 01000000

Symbol: PLL_ENABLE
   Definitions
      At line 67 in file __main.s
   Uses
      At line 266 in file __main.s
Comment: PLL_ENABLE used once
PLL_M_DIV8 00000008

Symbol: PLL_M_DIV8



ARM Macro Assembler    Page 4 Alphabetic symbol ordering
Absolute symbols

   Definitions
      At line 65 in file __main.s
   Uses
      At line 256 in file __main.s
Comment: PLL_M_DIV8 used once
RCC_AHB1ENR_OFFSET 00000030

Symbol: RCC_AHB1ENR_OFFSET
   Definitions
      At line 10 in file __main.s
   Uses
      At line 11 in file __main.s
Comment: RCC_AHB1ENR_OFFSET used once
RCC_AHB1_ENR 40023830

Symbol: RCC_AHB1_ENR
   Definitions
      At line 11 in file __main.s
   Uses
      At line 107 in file __main.s
Comment: RCC_AHB1_ENR used once
RCC_AHB1_GPIOA_ENR 00000001

Symbol: RCC_AHB1_GPIOA_ENR
   Definitions
      At line 12 in file __main.s
   Uses
      At line 109 in file __main.s
Comment: RCC_AHB1_GPIOA_ENR used once
RCC_APB1 40023840

Symbol: RCC_APB1
   Definitions
      At line 34 in file __main.s
   Uses
      At line 183 in file __main.s
Comment: RCC_APB1 used once
RCC_APB1_OFFSET 00000040

Symbol: RCC_APB1_OFFSET
   Definitions
      At line 33 in file __main.s
   Uses
      At line 34 in file __main.s
Comment: RCC_APB1_OFFSET used once
RCC_BASE 40023800

Symbol: RCC_BASE
   Definitions
      At line 2 in file __main.s
   Uses
      At line 11 in file __main.s
      At line 34 in file __main.s
      At line 51 in file __main.s
      At line 63 in file __main.s
      At line 70 in file __main.s

RCC_CFGR 40023808




ARM Macro Assembler    Page 5 Alphabetic symbol ordering
Absolute symbols

Symbol: RCC_CFGR
   Definitions
      At line 51 in file __main.s
   Uses
      At line 203 in file __main.s
      At line 243 in file __main.s
      At line 259 in file __main.s

RCC_CFGR_CNF 00001000

Symbol: RCC_CFGR_CNF
   Definitions
      At line 52 in file __main.s
   Uses
      At line 205 in file __main.s
Comment: RCC_CFGR_CNF used once
RCC_CFGR_OFFSET 00000008

Symbol: RCC_CFGR_OFFSET
   Definitions
      At line 50 in file __main.s
   Uses
      At line 51 in file __main.s
Comment: RCC_CFGR_OFFSET used once
RCC_CR 40023800

Symbol: RCC_CR
   Definitions
      At line 63 in file __main.s
   Uses
      At line 248 in file __main.s
      At line 264 in file __main.s

RCC_CR_OFFSET 00000000

Symbol: RCC_CR_OFFSET
   Definitions
      At line 62 in file __main.s
   Uses
      At line 63 in file __main.s
Comment: RCC_CR_OFFSET used once
RCC_PLLCFGR 40023804

Symbol: RCC_PLLCFGR
   Definitions
      At line 70 in file __main.s
   Uses
      At line 253 in file __main.s
Comment: RCC_PLLCFGR used once
RCC_PLLCFGR_OFFSET 00000004

Symbol: RCC_PLLCFGR_OFFSET
   Definitions
      At line 69 in file __main.s
   Uses
      At line 70 in file __main.s
Comment: RCC_PLLCFGR_OFFSET used once
RCC_TIM2_ENR 00000001




ARM Macro Assembler    Page 6 Alphabetic symbol ordering
Absolute symbols

Symbol: RCC_TIM2_ENR
   Definitions
      At line 35 in file __main.s
   Uses
      At line 185 in file __main.s
Comment: RCC_TIM2_ENR used once
SYS_CLK_HSI 00000003

Symbol: SYS_CLK_HSI
   Definitions
      At line 61 in file __main.s
   Uses
      At line 245 in file __main.s
Comment: SYS_CLK_HSI used once
SYS_CLK_PLL 00000002

Symbol: SYS_CLK_PLL
   Definitions
      At line 66 in file __main.s
   Uses
      At line 261 in file __main.s
Comment: SYS_CLK_PLL used once
TIM2_ARR 4000002C

Symbol: TIM2_ARR
   Definitions
      At line 43 in file __main.s
   Uses
      At line 193 in file __main.s
Comment: TIM2_ARR used once
TIM2_ARR_CONFIG 0000270F

Symbol: TIM2_ARR_CONFIG
   Definitions
      At line 44 in file __main.s
   Uses
      At line 195 in file __main.s
Comment: TIM2_ARR_CONFIG used once
TIM2_ARR_OFFSET 0000002C

Symbol: TIM2_ARR_OFFSET
   Definitions
      At line 42 in file __main.s
   Uses
      At line 43 in file __main.s
Comment: TIM2_ARR_OFFSET used once
TIM2_BASE 40000000

Symbol: TIM2_BASE
   Definitions
      At line 4 in file __main.s
   Uses
      At line 39 in file __main.s
      At line 43 in file __main.s
      At line 47 in file __main.s
      At line 55 in file __main.s
      At line 74 in file __main.s
      At line 78 in file __main.s




ARM Macro Assembler    Page 7 Alphabetic symbol ordering
Absolute symbols

TIM2_CNT 40000024

Symbol: TIM2_CNT
   Definitions
      At line 47 in file __main.s
   Uses
      At line 198 in file __main.s
Comment: TIM2_CNT used once
TIM2_CNT_CONFIG 00000000

Symbol: TIM2_CNT_CONFIG
   Definitions
      At line 48 in file __main.s
   Uses
      At line 200 in file __main.s
Comment: TIM2_CNT_CONFIG used once
TIM2_CNT_OFFSET 00000024

Symbol: TIM2_CNT_OFFSET
   Definitions
      At line 46 in file __main.s
   Uses
      At line 47 in file __main.s
Comment: TIM2_CNT_OFFSET used once
TIM2_CR1 40000000

Symbol: TIM2_CR1
   Definitions
      At line 55 in file __main.s
   Uses
      At line 211 in file __main.s
Comment: TIM2_CR1 used once
TIM2_CR1_CEN 00000001

Symbol: TIM2_CR1_CEN
   Definitions
      At line 57 in file __main.s
   Uses
      At line 214 in file __main.s
Comment: TIM2_CR1_CEN used once
TIM2_CR1_OFFSET 00000000

Symbol: TIM2_CR1_OFFSET
   Definitions
      At line 54 in file __main.s
   Uses
      At line 55 in file __main.s
Comment: TIM2_CR1_OFFSET used once
TIM2_CR1_UPCONT FFFFFFEF

Symbol: TIM2_CR1_UPCONT
   Definitions
      At line 56 in file __main.s
   Uses
      At line 213 in file __main.s
Comment: TIM2_CR1_UPCONT used once
TIM2_DIER 4000000C

Symbol: TIM2_DIER



ARM Macro Assembler    Page 8 Alphabetic symbol ordering
Absolute symbols

   Definitions
      At line 74 in file __main.s
   Uses
      At line 226 in file __main.s
Comment: TIM2_DIER used once
TIM2_DIER_OFFSET 0000000C

Symbol: TIM2_DIER_OFFSET
   Definitions
      At line 73 in file __main.s
   Uses
      At line 74 in file __main.s
Comment: TIM2_DIER_OFFSET used once
TIM2_PSC 40000028

Symbol: TIM2_PSC
   Definitions
      At line 39 in file __main.s
   Uses
      At line 188 in file __main.s
Comment: TIM2_PSC used once
TIM2_PSC_CONFIG 000020CF

Symbol: TIM2_PSC_CONFIG
   Definitions
      At line 40 in file __main.s
   Uses
      At line 190 in file __main.s
Comment: TIM2_PSC_CONFIG used once
TIM2_PSC_OFFSET 00000028

Symbol: TIM2_PSC_OFFSET
   Definitions
      At line 38 in file __main.s
   Uses
      At line 39 in file __main.s
Comment: TIM2_PSC_OFFSET used once
TIM2_SR 40000010

Symbol: TIM2_SR
   Definitions
      At line 78 in file __main.s
   Uses
      At line 151 in file __main.s
      At line 162 in file __main.s
      At line 168 in file __main.s

TIM2_SR_OFFSET 00000010

Symbol: TIM2_SR_OFFSET
   Definitions
      At line 77 in file __main.s
   Uses
      At line 78 in file __main.s
Comment: TIM2_SR_OFFSET used once
TIM2_SR_UIF_CLEAR FFFFFFFE

Symbol: TIM2_SR_UIF_CLEAR
   Definitions



ARM Macro Assembler    Page 9 Alphabetic symbol ordering
Absolute symbols

      At line 79 in file __main.s
   Uses
      At line 153 in file __main.s
      At line 170 in file __main.s

TIM2_UIF_FLAG 00000001

Symbol: TIM2_UIF_FLAG
   Definitions
      At line 80 in file __main.s
   Uses
      At line 164 in file __main.s
Comment: TIM2_UIF_FLAG used once
TIM2_UI_EN 00000001

Symbol: TIM2_UI_EN
   Definitions
      At line 75 in file __main.s
   Uses
      At line 228 in file __main.s
Comment: TIM2_UI_EN used once
59 symbols
405 symbols in table
