


ARM Macro Assembler    Page 1 


    1 00000000         ;;点亮GPIOA_Pin0引脚的LED灯
    2 00000000         ;;1.初始化RCC外设时钟
    3 00000000         ;RCC_BASE    EQU  0x40021000;RCC的内存基地址（查
                       手册）
    4 00000000         ;RCC_APB2ENR_OFFSET  EQU  0x18;RCC_APB2ENR相对于RCC
                       地址的偏移量（查手册）
    5 00000000         ;RCC_APB2ENR    EQU  RCC_BASE+RCC_APB2ENR_OFFSET;RCC_APB
                       2ENR的内存地址
    6 00000000         ;RCC_APB2ENR_ENABLE   EQU  0x4;使能RCC_APB2ENR的PortA
                       （如何取值查手册）
    7 00000000         ;;2.初始化GPIOA端口
    8 00000000         ;GPIOA_BASE    EQU  0x40010800;GPIOA的内存基地址
                       查手册）
    9 00000000         ;GPIOA_OFFSET    EQU  0x00;GPIOA初始化寄存器相对
                       GPIOA基地址的偏移量
   10 00000000         ;GPIO_Init_AD   EQU  GPIOA_BASE+GPIOA_OFFSET;GPIOA初始
                       化寄存器的内存地址
   11 00000000         ;GPIOA_ENABLE    EQU  0x44444443;设置GPIOA_Pin0口为
                       挽输出，50MHz模式（如何取值查手册）
   12 00000000         ;;3.设置GPIOA_Pin0口的电平
   13 00000000         ;LED_OFFSET     EQU  0x0C;GPIOA输出数据寄存器相
                       于GPIOA基地址的偏移量
   14 00000000         ;LED_AD     EQU  GPIOA_BASE+LED_OFFSET;GPIOA输出数据
                       寄存器的内存地址
   15 00000000         ;LED_ON      EQU  0;令GPIOA_Pin0口输出低电平
   16 00000000         ;LED_OFF     EQU  1;令GPIOA_Pin0口输出高电平
   17 00000000         
   18 00000000         ;AREA |.test|,CODE,READONLY,ALIGN=2;用于声明代码
                       ，表示当前文本名称为.test,是code类型的代
                       码，只能读取，并且半字对齐
   19 00000000         ;THUMB;使用thumb指令集
   20 00000000         ;ENTRY;程序的入口
   21 00000000         ;EXPORT __main;表示其他文件可以访问该记号
                       容
   22 00000000         ;__main;主函数
   23 00000000         ;BL   GPIO_Init;跳转至GPIO_Init函数并且将当前
                       数的地址记录到LR寄存器中
   24 00000000         ;loop;函数结尾的死循环
   25 00000000         ;B   loop
   26 00000000         
   27 00000000         ;GPIO_Init;GPIO_Init函数
   28 00000000         ;;LDR、STR指令只能通过寄存器存储的地址来
                       进行内存寻址，所以每次都要将改变值的
                       存器地址存入R0
   29 00000000         ;;1.初始化RCC外设时钟
   30 00000000         ;LDR R0,=RCC_APB2ENR;获取RCC_APB2ENR寄存器的地址
                       用于供LDR、STR指令修改对应的值
   31 00000000         ;LDR R1,=RCC_APB2ENR_ENABLE;用R1记录使能RCC_APB2ENR
                       的寄存器取值
   32 00000000         ;STR R1,[R0];使能RCC_APB2ENR
   33 00000000         ;;2.初始化GPIOA端口Pin0引脚
   34 00000000         ;LDR R0,=GPIO_Init_AD;获取GPIO_Init寄存器的地址
                       于供LDR、STR指令修改对应的值
   35 00000000         ;LDR R1,=GPIOA_ENABLE;用R1记录使能GPIO_Init的寄
                       器取值
   36 00000000         ;STR R1,[R0];使能GPIOA_Pin0
   37 00000000         ;;3.设置GPIOA_Pin0口的电平
   38 00000000         ;LDR R0,=LED_AD;获取GPIOA数据输出寄存器的地
                       用于供LDR、STR指令修改对应的值



ARM Macro Assembler    Page 2 


   39 00000000         ;LDR R1,=LED_OFF;用R1记录使端口输出高电平的
                       存器取值
   40 00000000         ;STR R1,[R0];使PA0引脚输出高电平
   41 00000000         
   42 00000000         ;BX  LR;通过LR寄存器地址回到主函数
   43 00000000         
   44 00000000         ;ALIGN;对齐伪指令
   45 00000000         ;END;代码结束
                       
Command Line: --debug --xref --diag_suppress=9931 --cpu=Cortex-M3 --apcs=interw
ork --depend=.\objects\_main.d -o.\objects\_main.o -I.\RTE\Device\STM32F103C8 -
I.\RTE\_stm32 -ID:\Keil5\ARM\PACK\ARM\CMSIS\5.0.1\CMSIS\Include -ID:\Keil5\ARM\
PACK\Keil\STM32F1xx_DFP\2.2.0\Device\Include --predefine="__UVISION_VERSION SET
A 524" --predefine="_RTE_ SETA 1" --predefine="STM32F10X_MD SETA 1" --list=.\li
stings\_main.lst RTE\_stm32\_main.s
333 symbols in table
