


ARM Macro Assembler    Page 1 


    1 00000000                 PRESERVE8
    2 00000000         
    3 00000000                 AREA             RESET, DATA, READONLY
    4 00000000                 EXPORT           __Vectors
    5 00000000         
    6 00000000         __Vectors
    7 00000000 00000000        DCD              __initial_sp ; Top of Stack
    8 00000004 00000000        DCD              Reset_Handler ; Reset Handler
    9 00000008         
   10 00000008 00000400 
                       Stack_Size
                               EQU              0x00000400
   11 00000008         
   12 00000008                 AREA             STACK, NOINIT, READWRITE, ALIGN
=3
   13 00000000         Stack_Mem
                               SPACE            Stack_Size
   14 00000400         __initial_sp
   15 00000400         
   16 00000400         
   17 00000400 00000200 
                       Heap_Size
                               EQU              0x00000200
   18 00000400         
   19 00000400                 AREA             HEAP, NOINIT, READWRITE, ALIGN=
3
   20 00000000         __heap_base
   21 00000000         Heap_Mem
                               SPACE            Heap_Size
   22 00000200         __heap_limit
   23 00000200         
   24 00000200         
   25 00000200         
   26 00000200         ;ç‚¹äº®GPIOA_Pin0å¼•è„šçš„LEDç¯
   27 00000200         ;1.åˆå§‹åŒ–RCCå¤–è®¾æ—¶é’Ÿ
   28 00000200 40021000 
                       RCC_BASE
                               EQU              0x40021000  ;RCCçš„å†…å­˜åŸºåœ°
                                                            å€ï¼ˆæŸ¥æ‰‹å†Œï¼‰
   29 00000200 00000018 
                       RCC_APB2ENR_OFFSET
                               EQU              0x18        ;RCC_APB2ENRç›¸å¯¹ä
                                                            ºRCCåŸºåœ°å€çš„å
                                                            ç§»é‡ï¼ˆæŸ¥æ‰‹å†Œ
                                                            ï¼‰
   30 00000200 40021018 
                       RCC_APB2ENR
                               EQU              RCC_BASE+RCC_APB2ENR_OFFSET ;RC
                                                            C_APB2ENRçš„å†…å­˜å
                                                            œ°å€
   31 00000200 00000004 
                       RCC_APB2ENR_ENABLE
                               EQU              0x4         ;ä½¿èƒ½RCC_APB2ENRç
                                                            š„PortAï¼ˆå¦‚ä½•å–
                                                            å€¼æŸ¥æ‰‹å†Œï¼‰
   32 00000200         ;2.åˆå§‹åŒ–GPIOAç«¯å£
   33 00000200 40010800 
                       GPIOA_BASE
                               EQU              0x40010800  ;GPIOAçš„å†…å­˜åŸºå



ARM Macro Assembler    Page 2 


                                                            œ°å€ï¼ˆæŸ¥æ‰‹å†Œï¼
                                                            ‰
   34 00000200 00000000 
                       GPIOA_OFFSET
                               EQU              0x00        ;GPIOAåˆå§‹åŒ–å¯„å
                                                            ­˜å™¨ç›¸å¯¹GPIOAåŸº
                                                            åœ°å€çš„åç§»é‡
   35 00000200 40010800 
                       GPIO_Init_AD
                               EQU              GPIOA_BASE+GPIOA_OFFSET ;GPIOAå
                                                            ˆå§‹åŒ–å¯„å­˜å™¨çš
                                                            „å†…å­˜åœ°å€
   36 00000200 44444443 
                       GPIOA_ENABLE
                               EQU              0x44444443  ;è®¾ç½®GPIOA_Pin0å
                                                            £ä¸ºæ¨æŒ½è¾“å‡ºï¼Œ
                                                            50MHzæ¨¡å¼ï¼ˆå¦‚ä½
                                                            •å–å€¼æŸ¥æ‰‹å†Œï¼‰
                                                            
   37 00000200         ;3.è®¾ç½®GPIOA_Pin0å£çš„ç”µå¹³
   38 00000200 0000000C 
                       LED_OFFSET
                               EQU              0x0C        ;GPIOAè¾“å‡ºæ•°æ®å
                                                            ¯„å­˜å™¨ç›¸å¯¹äºGP
                                                            IOAåŸºåœ°å€çš„åç
                                                            §»é‡
   39 00000200 4001080C 
                       LED_AD  EQU              GPIOA_BASE+LED_OFFSET ;GPIOAè¾“
                                                            å‡ºæ•°æ®å¯„å­˜å™¨ç
                                                            š„å†…å­˜åœ°å€
   40 00000200 00000000 
                       LED_ON  EQU              0           ;ä»¤GPIOA_Pin0å£è¾
                                                            “å‡ºä½ç”µå¹³
   41 00000200 00000001 
                       LED_OFF EQU              1           ;ä»¤GPIOA_Pin0å£è¾
                                                            “å‡ºé«˜ç”µå¹³
   42 00000200                 AREA             |.text|, CODE, READONLY
   43 00000000         ;AREA |.test|,CODE,READONLY,ALIGN=2;ç”¨äºå£°æ˜ä»£ç å
                       —ï¼Œè¡¨ç¤ºå½“å‰æ–‡æœ¬åç§°ä¸º.test,æ˜¯codeç±»å‹çš„ä»£
                       ç ï¼Œåªèƒ½è¯»å–ï¼Œå¹¶ä¸”åŠå­—å¯¹é½
   44 00000000                 THUMB                        ;ä½¿ç”¨thumbæŒ‡ä»¤é
                                                            ›†
   45 00000000                 ENTRY                        ;ç¨‹åºçš„å…¥å£
   46 00000000                 EXPORT           Reset_Handler ;è¡¨ç¤ºå…¶ä»–æ–‡ä
                                                            »¶å¯ä»¥è®¿é—®è¯¥è®
                                                            °å·å†…å®¹
   47 00000000                 IMPORT           SystemInit
   48 00000000         
   49 00000000         Reset_Handler                        ;ä¸»å‡½æ•°
   50 00000000 4808            LDR              R0, =SystemInit
   51 00000002 4780            BLX              R0
   52 00000004 F000 F801       BL               GPIO_Init   ;è·³è½¬è‡³GPIO_Init
                                                            å‡½æ•°å¹¶ä¸”å°†å½“å
                                                            ‰å‡½æ•°çš„åœ°å€è®
                                                            °å½•åˆ°LRå¯„å­˜å™¨ä
                                                            ¸­
   53 00000008         loop                                 ;å‡½æ•°ç»“å°¾çš„æ­»
                                                            å¾ªç¯
   54 00000008 E7FE            B                loop



ARM Macro Assembler    Page 3 


   55 0000000A         
   56 0000000A         GPIO_Init                            ;GPIO_Initå‡½æ•°
   57 0000000A         ;LDRã€STRæŒ‡ä»¤åªèƒ½é€šè¿‡å¯„å­˜å™¨å­˜å‚¨çš„åœ°å€æ¥è
                       ¿›è¡Œå†…å­˜å¯»å€ï¼Œæ‰€ä»¥æ¯æ¬¡éƒ½è¦å°†æ”¹å˜å€¼çš„å¯„
                       å­˜å™¨åœ°å€å­˜å…¥R0
   58 0000000A         ;1.åˆå§‹åŒ–RCCå¤–è®¾æ—¶é’Ÿ
   59 0000000A 4807            LDR              R0,=RCC_APB2ENR ;è·å–RCC_APB2
                                                            ENRå¯„å­˜å™¨çš„åœ°å
                                                            €ç”¨äºä¾›LDRã€ST
                                                            RæŒ‡ä»¤ä¿®æ”¹å¯¹åº”
                                                            çš„å€¼
   60 0000000C F04F 0104       LDR              R1,=RCC_APB2ENR_ENABLE ;ç”¨R1è®
                                                            °å½•ä½¿èƒ½RCC_APB2E
                                                            NRçš„å¯„å­˜å™¨å–å€
                                                            ¼
   61 00000010 6001            STR              R1,[R0]     ;ä½¿èƒ½RCC_APB2ENR
   62 00000012         ;2.åˆå§‹åŒ–GPIOAç«¯å£Pin0å¼•è„š
   63 00000012 4806            LDR              R0,=GPIO_Init_AD ;è·å–GPIO_In
                                                            itå¯„å­˜å™¨çš„åœ°å
                                                            €ç”¨äºä¾›LDRã€STR
                                                            æŒ‡ä»¤ä¿®æ”¹å¯¹åº”ç
                                                            š„å€¼
   64 00000014 4906            LDR              R1,=GPIOA_ENABLE ;ç”¨R1è®°å½•ä½
                                                            ¿èƒ½GPIO_Initçš„å¯„
                                                            å­˜å™¨å–å€¼
   65 00000016 6001            STR              R1,[R0]     ;ä½¿èƒ½GPIOA_Pin0
   66 00000018         ;3.è®¾ç½®GPIOA_Pin0å£çš„ç”µå¹³
   67 00000018 4806            LDR              R0,=LED_AD  ;è·å–GPIOAæ•°æ®è
                                                            ¾“å‡ºå¯„å­˜å™¨çš„åœ
                                                            °å€ç”¨äºä¾›LDRã€
                                                            STRæŒ‡ä»¤ä¿®æ”¹å¯¹å
                                                            º”çš„å€¼
   68 0000001A F04F 0100       LDR              R1,=LED_ON  ;ç”¨R1è®°å½•ä½¿ç«¯å
                                                            £è¾“å‡ºé«˜ç”µå¹³çš
                                                            „å¯„å­˜å™¨å–å€¼
   69 0000001E 6001            STR              R1,[R0]     ;ä½¿PA0å¼•è„šè¾“å‡º
                                                            é«˜ç”µå¹³
   70 00000020         
   71 00000020 4770            BX               LR          ;é€šè¿‡LRå¯„å­˜å™¨å
                                                            œ°å€å›åˆ°ä¸»å‡½æ•
                                                            °
   72 00000022         
   73 00000022 00 00           ALIGN                        ;å¯¹é½ä¼ªæŒ‡ä»¤
   74 00000024                 END                          ;ä»£ç ç»“æŸ
              00000000 
              40021018 
              40010800 
              44444443 
              4001080C 
Command Line: --debug --xref --diag_suppress=9931 --cpu=Cortex-M3 --apcs=interw
ork --depend=.\objects\main.d -o.\objects\main.o -I.\RTE\Device\STM32F103C8 -I.
\RTE\_stm32 -ID:\Keil5\ARM\PACK\ARM\CMSIS\5.0.1\CMSIS\Include -ID:\Keil5\ARM\PA
CK\Keil\STM32F1xx_DFP\2.2.0\Device\Include --predefine="__UVISION_VERSION SETA 
524" --predefine="_RTE_ SETA 1" --predefine="STM32F10X_MD SETA 1" --list=.\list
ings\main.lst main.s



ARM Macro Assembler    Page 1 Alphabetic symbol ordering
Relocatable symbols

RESET 00000000

Symbol: RESET
   Definitions
      At line 3 in file main.s
   Uses
      None
Comment: RESET unused
__Vectors 00000000

Symbol: __Vectors
   Definitions
      At line 6 in file main.s
   Uses
      At line 4 in file main.s
Comment: __Vectors used once
2 symbols



ARM Macro Assembler    Page 1 Alphabetic symbol ordering
Relocatable symbols

STACK 00000000

Symbol: STACK
   Definitions
      At line 12 in file main.s
   Uses
      None
Comment: STACK unused
Stack_Mem 00000000

Symbol: Stack_Mem
   Definitions
      At line 13 in file main.s
   Uses
      None
Comment: Stack_Mem unused
__initial_sp 00000400

Symbol: __initial_sp
   Definitions
      At line 14 in file main.s
   Uses
      At line 7 in file main.s
Comment: __initial_sp used once
3 symbols



ARM Macro Assembler    Page 1 Alphabetic symbol ordering
Relocatable symbols

HEAP 00000000

Symbol: HEAP
   Definitions
      At line 19 in file main.s
   Uses
      None
Comment: HEAP unused
Heap_Mem 00000000

Symbol: Heap_Mem
   Definitions
      At line 21 in file main.s
   Uses
      None
Comment: Heap_Mem unused
__heap_base 00000000

Symbol: __heap_base
   Definitions
      At line 20 in file main.s
   Uses
      None
Comment: __heap_base unused
__heap_limit 00000200

Symbol: __heap_limit
   Definitions
      At line 22 in file main.s
   Uses
      None
Comment: __heap_limit unused
4 symbols



ARM Macro Assembler    Page 1 Alphabetic symbol ordering
Relocatable symbols

.text 00000000

Symbol: .text
   Definitions
      At line 42 in file main.s
   Uses
      None
Comment: .text unused
GPIO_Init 0000000A

Symbol: GPIO_Init
   Definitions
      At line 56 in file main.s
   Uses
      At line 52 in file main.s
Comment: GPIO_Init used once
Reset_Handler 00000000

Symbol: Reset_Handler
   Definitions
      At line 49 in file main.s
   Uses
      At line 8 in file main.s
      At line 46 in file main.s

loop 00000008

Symbol: loop
   Definitions
      At line 53 in file main.s
   Uses
      At line 54 in file main.s
Comment: loop used once
4 symbols



ARM Macro Assembler    Page 1 Alphabetic symbol ordering
Absolute symbols

GPIOA_BASE 40010800

Symbol: GPIOA_BASE
   Definitions
      At line 33 in file main.s
   Uses
      At line 35 in file main.s
      At line 39 in file main.s

GPIOA_ENABLE 44444443

Symbol: GPIOA_ENABLE
   Definitions
      At line 36 in file main.s
   Uses
      At line 64 in file main.s
Comment: GPIOA_ENABLE used once
GPIOA_OFFSET 00000000

Symbol: GPIOA_OFFSET
   Definitions
      At line 34 in file main.s
   Uses
      At line 35 in file main.s
Comment: GPIOA_OFFSET used once
GPIO_Init_AD 40010800

Symbol: GPIO_Init_AD
   Definitions
      At line 35 in file main.s
   Uses
      At line 63 in file main.s
Comment: GPIO_Init_AD used once
Heap_Size 00000200

Symbol: Heap_Size
   Definitions
      At line 17 in file main.s
   Uses
      At line 21 in file main.s
Comment: Heap_Size used once
LED_AD 4001080C

Symbol: LED_AD
   Definitions
      At line 39 in file main.s
   Uses
      At line 67 in file main.s
Comment: LED_AD used once
LED_OFF 00000001

Symbol: LED_OFF
   Definitions
      At line 41 in file main.s
   Uses
      None
Comment: LED_OFF unused
LED_OFFSET 0000000C




ARM Macro Assembler    Page 2 Alphabetic symbol ordering
Absolute symbols

Symbol: LED_OFFSET
   Definitions
      At line 38 in file main.s
   Uses
      At line 39 in file main.s
Comment: LED_OFFSET used once
LED_ON 00000000

Symbol: LED_ON
   Definitions
      At line 40 in file main.s
   Uses
      At line 68 in file main.s
Comment: LED_ON used once
RCC_APB2ENR 40021018

Symbol: RCC_APB2ENR
   Definitions
      At line 30 in file main.s
   Uses
      At line 59 in file main.s
Comment: RCC_APB2ENR used once
RCC_APB2ENR_ENABLE 00000004

Symbol: RCC_APB2ENR_ENABLE
   Definitions
      At line 31 in file main.s
   Uses
      At line 60 in file main.s
Comment: RCC_APB2ENR_ENABLE used once
RCC_APB2ENR_OFFSET 00000018

Symbol: RCC_APB2ENR_OFFSET
   Definitions
      At line 29 in file main.s
   Uses
      At line 30 in file main.s
Comment: RCC_APB2ENR_OFFSET used once
RCC_BASE 40021000

Symbol: RCC_BASE
   Definitions
      At line 28 in file main.s
   Uses
      At line 30 in file main.s
Comment: RCC_BASE used once
Stack_Size 00000400

Symbol: Stack_Size
   Definitions
      At line 10 in file main.s
   Uses
      At line 13 in file main.s
Comment: Stack_Size used once
14 symbols



ARM Macro Assembler    Page 1 Alphabetic symbol ordering
External symbols

SystemInit 00000000

Symbol: SystemInit
   Definitions
      At line 47 in file main.s
   Uses
      At line 50 in file main.s
Comment: SystemInit used once
1 symbol
363 symbols in table
